<?xml version="1.0" encoding="UTF-8"?>
<!-- Generated by org.testng.reporters.JUnitXMLReporter -->
<testsuite ignored="0" hostname="Dracarys" failures="0" tests="4" name="Default test" time="8.762" errors="0" timestamp="2026-03-12T12:18:40 IST">
  <testcase classname="cart.CartTest" name="fetchAllProducts" time="4.659"/>
  <testcase classname="cart.CartTest" name="addProductToCart" time="0.561"/>
  <testcase classname="cart.CartTest" name="updateCart" time="0.537"/>
  <testcase classname="cart.CartTest" name="deleteProductFromCart" time="0.538"/>
</testsuite> <!-- Default test -->
