<?xml version="1.0" encoding="UTF-8"?>
<!-- Generated by org.testng.reporters.JUnitReportReporter -->
<testsuite hostname="Dracarys" failures="0" tests="6" name="shopper.ShopperLoginTest" time="5.888" errors="0" timestamp="2026-03-10T16:04:31 IST" skipped="0">
  <testcase classname="shopper.ShopperLoginTest" name="loginTest" time="2.508"/>
  <testcase classname="shopper.ShopperLoginTest" name="fetchData" time="0.610"/>
  <testcase classname="shopper.ShopperLoginTest" name="fetchData" time="0.613"/>
  <testcase classname="shopper.ShopperLoginTest" name="fetchData" time="0.690"/>
  <testcase classname="shopper.ShopperLoginTest" name="fetchData" time="0.670"/>
  <testcase classname="shopper.ShopperLoginTest" name="fetchData" time="0.797"/>
</testsuite> <!-- shopper.ShopperLoginTest -->
