<?xml version="1.0" encoding="UTF-8"?>
<!-- Generated by org.testng.reporters.JUnitReportReporter -->
<testsuite hostname="Dracarys" failures="0" tests="4" name="cart.CartTest" time="6.295" errors="0" timestamp="2026-03-12T12:18:40 IST" skipped="0">
  <testcase classname="cart.CartTest" name="fetchAllProducts" time="4.659"/>
  <testcase classname="cart.CartTest" name="addProductToCart" time="0.561"/>
  <testcase classname="cart.CartTest" name="updateCart" time="0.537"/>
  <testcase classname="cart.CartTest" name="deleteProductFromCart" time="0.538"/>
</testsuite> <!-- cart.CartTest -->
